<?xml version="1.0" encoding="UTF-8"?>
<!-- Generated by org.testng.reporters.JUnitReportReporter -->
<testsuite skipped="0" hostname="DESKTOP-H8RTC1S" name="com.qa.tests.fb" tests="1" failures="0" timestamp="2019-09-09T11:51:00 IST" time="4.469" errors="0">
  <testcase name="testcases" time="4.469" classname="com.qa.tests.fb"/>
</testsuite> <!-- com.qa.tests.fb -->
